<?xml version="1.0" encoding="UTF-8"?>
<coverage generated="1748393732936" clover="3.2.0">
  <project timestamp="1748393732936" name="All files">
    <metrics statements="106" coveredstatements="97" conditionals="122" coveredconditionals="96" methods="29" coveredmethods="25" elements="257" coveredelements="218" complexity="0" loc="106" ncloc="106" packages="6" files="6" classes="6"/>
    <package name="dist.components.RenderDebugger">
      <metrics statements="45" coveredstatements="42" conditionals="72" coveredconditionals="54" methods="13" coveredmethods="11"/>
      <file name="RenderDebugger.js" path="/Users/stephencastaneda/Playground/renderDebugger/dist/components/RenderDebugger/RenderDebugger.js">
        <metrics statements="45" coveredstatements="42" conditionals="72" coveredconditionals="54" methods="13" coveredmethods="11"/>
        <line num="2" count="1" type="cond" truecount="3" falsecount="2"/>
        <line num="3" count="36" type="cond" truecount="1" falsecount="1"/>
        <line num="4" count="36" type="stmt"/>
        <line num="5" count="36" type="cond" truecount="5" falsecount="3"/>
        <line num="6" count="90" type="stmt"/>
        <line num="8" count="36" type="stmt"/>
        <line num="10" count="0" type="cond" truecount="0" falsecount="2"/>
        <line num="11" count="0" type="stmt"/>
        <line num="13" count="1" type="cond" truecount="3" falsecount="2"/>
        <line num="14" count="1" type="stmt"/>
        <line num="16" count="0" type="stmt"/>
        <line num="18" count="1" type="cond" truecount="2" falsecount="1"/>
        <line num="19" count="1" type="cond" truecount="3" falsecount="1"/>
        <line num="20" count="1" type="stmt"/>
        <line num="21" count="36" type="cond" truecount="4" falsecount="2"/>
        <line num="22" count="1" type="stmt"/>
        <line num="23" count="1" type="stmt"/>
        <line num="25" count="1" type="stmt"/>
        <line num="26" count="1" type="stmt"/>
        <line num="27" count="1" type="stmt"/>
        <line num="28" count="1" type="stmt"/>
        <line num="29" count="1" type="cond" truecount="2" falsecount="2"/>
        <line num="30" count="15" type="stmt"/>
        <line num="31" count="15" type="cond" truecount="1" falsecount="1"/>
        <line num="33" count="15" type="stmt"/>
        <line num="34" count="8" type="cond" truecount="4" falsecount="0"/>
        <line num="35" count="7" type="stmt"/>
        <line num="39" count="15" type="stmt"/>
        <line num="40" count="15" type="cond" truecount="7" falsecount="0"/>
        <line num="45" count="9" type="stmt"/>
        <line num="46" count="9" type="cond" truecount="2" falsecount="0"/>
        <line num="48" count="2" type="stmt"/>
        <line num="53" count="15" type="stmt"/>
        <line num="54" count="8" type="cond" truecount="4" falsecount="0"/>
        <line num="55" count="7" type="cond" truecount="1" falsecount="1"/>
        <line num="58" count="7" type="stmt"/>
        <line num="62" count="15" type="stmt"/>
        <line num="63" count="15" type="cond" truecount="4" falsecount="0"/>
        <line num="64" count="14" type="stmt"/>
        <line num="68" count="15" type="stmt"/>
        <line num="69" count="6" type="cond" truecount="4" falsecount="0"/>
        <line num="70" count="5" type="stmt"/>
        <line num="73" count="15" type="stmt"/>
        <line num="81" count="1" type="stmt"/>
        <line num="93" count="1" type="stmt"/>
      </file>
    </package>
    <package name="dist.hooks">
      <metrics statements="11" coveredstatements="11" conditionals="7" coveredconditionals="5" methods="3" coveredmethods="3"/>
      <file name="usePrevious.js" path="/Users/stephencastaneda/Playground/renderDebugger/dist/hooks/usePrevious.js">
        <metrics statements="11" coveredstatements="11" conditionals="7" coveredconditionals="5" methods="3" coveredmethods="3"/>
        <line num="2" count="1" type="cond" truecount="2" falsecount="1"/>
        <line num="3" count="1" type="cond" truecount="3" falsecount="1"/>
        <line num="5" count="1" type="stmt"/>
        <line num="6" count="1" type="stmt"/>
        <line num="7" count="1" type="stmt"/>
        <line num="9" count="15" type="stmt"/>
        <line num="10" count="15" type="stmt"/>
        <line num="11" count="8" type="stmt"/>
        <line num="13" count="15" type="stmt"/>
        <line num="15" count="1" type="stmt"/>
        <line num="16" count="1" type="stmt"/>
      </file>
    </package>
    <package name="dist.utils">
      <metrics statements="10" coveredstatements="9" conditionals="2" coveredconditionals="2" methods="2" coveredmethods="1"/>
      <file name="diffUtils.js" path="/Users/stephencastaneda/Playground/renderDebugger/dist/utils/diffUtils.js">
        <metrics statements="10" coveredstatements="9" conditionals="2" coveredconditionals="2" methods="2" coveredmethods="1"/>
        <line num="2" count="1" type="stmt"/>
        <line num="3" count="1" type="stmt"/>
        <line num="5" count="9" type="stmt"/>
        <line num="6" count="9" type="stmt"/>
        <line num="7" count="12" type="cond" truecount="2" falsecount="0"/>
        <line num="8" count="2" type="stmt"/>
        <line num="11" count="9" type="stmt"/>
        <line num="13" count="1" type="stmt"/>
        <line num="16" count="0" type="stmt"/>
        <line num="18" count="1" type="stmt"/>
      </file>
    </package>
    <package name="src.components.RenderDebugger">
      <metrics statements="23" coveredstatements="23" conditionals="37" coveredconditionals="33" methods="7" coveredmethods="7"/>
      <file name="RenderDebugger.tsx" path="/Users/stephencastaneda/Playground/renderDebugger/src/components/RenderDebugger/RenderDebugger.tsx">
        <metrics statements="23" coveredstatements="23" conditionals="37" coveredconditionals="33" methods="7" coveredmethods="7"/>
        <line num="13" count="1" type="stmt"/>
        <line num="20" count="15" type="stmt"/>
        <line num="21" count="15" type="stmt"/>
        <line num="26" count="15" type="stmt"/>
        <line num="27" count="8" type="cond" truecount="4" falsecount="0"/>
        <line num="28" count="7" type="stmt"/>
        <line num="33" count="15" type="stmt"/>
        <line num="34" count="15" type="cond" truecount="2" falsecount="0"/>
        <line num="41" count="9" type="stmt"/>
        <line num="46" count="9" type="cond" truecount="2" falsecount="0"/>
        <line num="48" count="2" type="stmt"/>
        <line num="54" count="15" type="stmt"/>
        <line num="55" count="8" type="cond" truecount="4" falsecount="0"/>
        <line num="56" count="7" type="cond" truecount="1" falsecount="1"/>
        <line num="60" count="7" type="stmt"/>
        <line num="65" count="15" type="stmt"/>
        <line num="70" count="15" type="cond" truecount="4" falsecount="0"/>
        <line num="71" count="14" type="stmt"/>
        <line num="76" count="15" type="stmt"/>
        <line num="77" count="6" type="cond" truecount="4" falsecount="0"/>
        <line num="78" count="5" type="stmt"/>
        <line num="82" count="15" type="stmt"/>
        <line num="95" count="1" type="stmt"/>
      </file>
    </package>
    <package name="src.hooks">
      <metrics statements="5" coveredstatements="5" conditionals="0" coveredconditionals="0" methods="2" coveredmethods="2"/>
      <file name="usePrevious.js" path="/Users/stephencastaneda/Playground/renderDebugger/src/hooks/usePrevious.js">
        <metrics statements="5" coveredstatements="5" conditionals="0" coveredconditionals="0" methods="2" coveredmethods="2"/>
        <line num="3" count="1" type="stmt"/>
        <line num="4" count="15" type="stmt"/>
        <line num="6" count="15" type="stmt"/>
        <line num="7" count="15" type="stmt"/>
        <line num="10" count="15" type="stmt"/>
      </file>
    </package>
    <package name="src.utils">
      <metrics statements="12" coveredstatements="7" conditionals="4" coveredconditionals="2" methods="2" coveredmethods="1"/>
      <file name="diffUtils.js" path="/Users/stephencastaneda/Playground/renderDebugger/src/utils/diffUtils.js">
        <metrics statements="12" coveredstatements="7" conditionals="4" coveredconditionals="2" methods="2" coveredmethods="1"/>
        <line num="1" count="1" type="stmt"/>
        <line num="2" count="9" type="stmt"/>
        <line num="3" count="9" type="stmt"/>
        <line num="4" count="12" type="cond" truecount="2" falsecount="0"/>
        <line num="5" count="2" type="stmt"/>
        <line num="8" count="9" type="stmt"/>
        <line num="11" count="1" type="stmt"/>
        <line num="12" count="0" type="stmt"/>
        <line num="13" count="0" type="stmt"/>
        <line num="14" count="0" type="cond" truecount="0" falsecount="2"/>
        <line num="15" count="0" type="stmt"/>
        <line num="18" count="0" type="stmt"/>
      </file>
    </package>
  </project>
</coverage>
