{"/Users/stephencastaneda/Playground/renderDebugger/dist/components/RenderDebugger/RenderDebugger.js": {"path":"/Users/stephencastaneda/Playground/renderDebugger/dist/components/RenderDebugger/RenderDebugger.js","statementMap":{"0":{"start":{"line":2,"column":22},"end":{"line":12,"column":3}},"1":{"start":{"line":3,"column":4},"end":{"line":3,"column":33}},"2":{"start":{"line":3,"column":26},"end":{"line":3,"column":33}},"3":{"start":{"line":4,"column":15},"end":{"line":4,"column":52}},"4":{"start":{"line":5,"column":4},"end":{"line":7,"column":5}},"5":{"start":{"line":6,"column":6},"end":{"line":6,"column":68}},"6":{"start":{"line":6,"column":51},"end":{"line":6,"column":63}},"7":{"start":{"line":8,"column":4},"end":{"line":8,"column":39}},"8":{"start":{"line":10,"column":4},"end":{"line":10,"column":33}},"9":{"start":{"line":10,"column":26},"end":{"line":10,"column":33}},"10":{"start":{"line":11,"column":4},"end":{"line":11,"column":17}},"11":{"start":{"line":13,"column":25},"end":{"line":17,"column":2}},"12":{"start":{"line":14,"column":4},"end":{"line":14,"column":72}},"13":{"start":{"line":16,"column":4},"end":{"line":16,"column":21}},"14":{"start":{"line":18,"column":19},"end":{"line":24,"column":1}},"15":{"start":{"line":19,"column":4},"end":{"line":19,"column":42}},"16":{"start":{"line":19,"column":31},"end":{"line":19,"column":42}},"17":{"start":{"line":20,"column":17},"end":{"line":20,"column":19}},"18":{"start":{"line":21,"column":4},"end":{"line":21,"column":141}},"19":{"start":{"line":21,"column":21},"end":{"line":21,"column":141}},"20":{"start":{"line":21,"column":40},"end":{"line":21,"column":141}},"21":{"start":{"line":21,"column":109},"end":{"line":21,"column":141}},"22":{"start":{"line":22,"column":4},"end":{"line":22,"column":36}},"23":{"start":{"line":23,"column":4},"end":{"line":23,"column":18}},"24":{"start":{"line":25,"column":0},"end":{"line":25,"column":62}},"25":{"start":{"line":26,"column":16},"end":{"line":26,"column":46}},"26":{"start":{"line":27,"column":22},"end":{"line":27,"column":56}},"27":{"start":{"line":28,"column":20},"end":{"line":28,"column":52}},"28":{"start":{"line":29,"column":23},"end":{"line":80,"column":1}},"29":{"start":{"line":30,"column":42},"end":{"line":30,"column":66}},"30":{"start":{"line":31,"column":26},"end":{"line":31,"column":122}},"31":{"start":{"line":33,"column":4},"end":{"line":37,"column":19}},"32":{"start":{"line":34,"column":8},"end":{"line":36,"column":9}},"33":{"start":{"line":35,"column":12},"end":{"line":35,"column":49}},"34":{"start":{"line":35,"column":38},"end":{"line":35,"column":47}},"35":{"start":{"line":39,"column":4},"end":{"line":51,"column":60}},"36":{"start":{"line":40,"column":8},"end":{"line":50,"column":9}},"37":{"start":{"line":45,"column":28},"end":{"line":45,"column":87}},"38":{"start":{"line":46,"column":12},"end":{"line":49,"column":13}},"39":{"start":{"line":48,"column":16},"end":{"line":48,"column":66}},"40":{"start":{"line":53,"column":4},"end":{"line":60,"column":45}},"41":{"start":{"line":54,"column":8},"end":{"line":59,"column":9}},"42":{"start":{"line":55,"column":31},"end":{"line":57,"column":26}},"43":{"start":{"line":58,"column":12},"end":{"line":58,"column":64}},"44":{"start":{"line":62,"column":29},"end":{"line":66,"column":5}},"45":{"start":{"line":63,"column":8},"end":{"line":65,"column":9}},"46":{"start":{"line":64,"column":12},"end":{"line":64,"column":76}},"47":{"start":{"line":68,"column":4},"end":{"line":72,"column":35}},"48":{"start":{"line":69,"column":8},"end":{"line":71,"column":9}},"49":{"start":{"line":70,"column":12},"end":{"line":70,"column":57}},"50":{"start":{"line":73,"column":4},"end":{"line":79,"column":33}},"51":{"start":{"line":81,"column":21},"end":{"line":92,"column":1}},"52":{"start":{"line":93,"column":0},"end":{"line":93,"column":33}}},"fnMap":{"0":{"name":"(anonymous_0)","decl":{"start":{"line":2,"column":74},"end":{"line":2,"column":75}},"loc":{"start":{"line":2,"column":96},"end":{"line":9,"column":1}},"line":2},"1":{"name":"(anonymous_1)","decl":{"start":{"line":6,"column":38},"end":{"line":6,"column":39}},"loc":{"start":{"line":6,"column":49},"end":{"line":6,"column":65}},"line":6},"2":{"name":"(anonymous_2)","decl":{"start":{"line":9,"column":6},"end":{"line":9,"column":7}},"loc":{"start":{"line":9,"column":28},"end":{"line":12,"column":1}},"line":9},"3":{"name":"(anonymous_3)","decl":{"start":{"line":13,"column":80},"end":{"line":13,"column":81}},"loc":{"start":{"line":13,"column":95},"end":{"line":15,"column":1}},"line":13},"4":{"name":"(anonymous_4)","decl":{"start":{"line":15,"column":5},"end":{"line":15,"column":6}},"loc":{"start":{"line":15,"column":20},"end":{"line":17,"column":1}},"line":15},"5":{"name":"(anonymous_5)","decl":{"start":{"line":18,"column":50},"end":{"line":18,"column":51}},"loc":{"start":{"line":18,"column":65},"end":{"line":24,"column":1}},"line":18},"6":{"name":"(anonymous_6)","decl":{"start":{"line":29,"column":23},"end":{"line":29,"column":24}},"loc":{"start":{"line":29,"column":129},"end":{"line":80,"column":1}},"line":29},"7":{"name":"(anonymous_7)","decl":{"start":{"line":33,"column":27},"end":{"line":33,"column":28}},"loc":{"start":{"line":33,"column":33},"end":{"line":37,"column":5}},"line":33},"8":{"name":"(anonymous_8)","decl":{"start":{"line":35,"column":27},"end":{"line":35,"column":28}},"loc":{"start":{"line":35,"column":38},"end":{"line":35,"column":47}},"line":35},"9":{"name":"(anonymous_9)","decl":{"start":{"line":39,"column":27},"end":{"line":39,"column":28}},"loc":{"start":{"line":39,"column":33},"end":{"line":51,"column":5}},"line":39},"10":{"name":"(anonymous_10)","decl":{"start":{"line":53,"column":27},"end":{"line":53,"column":28}},"loc":{"start":{"line":53,"column":33},"end":{"line":60,"column":5}},"line":53},"11":{"name":"(anonymous_11)","decl":{"start":{"line":62,"column":29},"end":{"line":62,"column":30}},"loc":{"start":{"line":62,"column":60},"end":{"line":66,"column":5}},"line":62},"12":{"name":"(anonymous_12)","decl":{"start":{"line":68,"column":27},"end":{"line":68,"column":28}},"loc":{"start":{"line":68,"column":33},"end":{"line":72,"column":5}},"line":68}},"branchMap":{"0":{"loc":{"start":{"line":2,"column":22},"end":{"line":12,"column":3}},"type":"binary-expr","locations":[{"start":{"line":2,"column":23},"end":{"line":2,"column":27}},{"start":{"line":2,"column":31},"end":{"line":2,"column":51}},{"start":{"line":2,"column":57},"end":{"line":12,"column":2}}],"line":2},"1":{"loc":{"start":{"line":2,"column":57},"end":{"line":12,"column":2}},"type":"cond-expr","locations":[{"start":{"line":2,"column":74},"end":{"line":9,"column":1}},{"start":{"line":9,"column":6},"end":{"line":12,"column":1}}],"line":2},"2":{"loc":{"start":{"line":3,"column":4},"end":{"line":3,"column":33}},"type":"if","locations":[{"start":{"line":3,"column":4},"end":{"line":3,"column":33}},{"start":{},"end":{}}],"line":3},"3":{"loc":{"start":{"line":5,"column":4},"end":{"line":7,"column":5}},"type":"if","locations":[{"start":{"line":5,"column":4},"end":{"line":7,"column":5}},{"start":{},"end":{}}],"line":5},"4":{"loc":{"start":{"line":5,"column":8},"end":{"line":5,"column":85}},"type":"binary-expr","locations":[{"start":{"line":5,"column":8},"end":{"line":5,"column":13}},{"start":{"line":5,"column":18},"end":{"line":5,"column":84}}],"line":5},"5":{"loc":{"start":{"line":5,"column":18},"end":{"line":5,"column":84}},"type":"cond-expr","locations":[{"start":{"line":5,"column":34},"end":{"line":5,"column":47}},{"start":{"line":5,"column":50},"end":{"line":5,"column":84}}],"line":5},"6":{"loc":{"start":{"line":5,"column":50},"end":{"line":5,"column":84}},"type":"binary-expr","locations":[{"start":{"line":5,"column":50},"end":{"line":5,"column":63}},{"start":{"line":5,"column":67},"end":{"line":5,"column":84}}],"line":5},"7":{"loc":{"start":{"line":10,"column":4},"end":{"line":10,"column":33}},"type":"if","locations":[{"start":{"line":10,"column":4},"end":{"line":10,"column":33}},{"start":{},"end":{}}],"line":10},"8":{"loc":{"start":{"line":13,"column":25},"end":{"line":17,"column":2}},"type":"binary-expr","locations":[{"start":{"line":13,"column":26},"end":{"line":13,"column":30}},{"start":{"line":13,"column":34},"end":{"line":13,"column":57}},{"start":{"line":13,"column":63},"end":{"line":17,"column":1}}],"line":13},"9":{"loc":{"start":{"line":13,"column":63},"end":{"line":17,"column":1}},"type":"cond-expr","locations":[{"start":{"line":13,"column":80},"end":{"line":15,"column":1}},{"start":{"line":15,"column":5},"end":{"line":17,"column":1}}],"line":13},"10":{"loc":{"start":{"line":18,"column":19},"end":{"line":24,"column":1}},"type":"binary-expr","locations":[{"start":{"line":18,"column":20},"end":{"line":18,"column":24}},{"start":{"line":18,"column":28},"end":{"line":18,"column":45}},{"start":{"line":18,"column":50},"end":{"line":24,"column":1}}],"line":18},"11":{"loc":{"start":{"line":19,"column":4},"end":{"line":19,"column":42}},"type":"if","locations":[{"start":{"line":19,"column":4},"end":{"line":19,"column":42}},{"start":{},"end":{}}],"line":19},"12":{"loc":{"start":{"line":19,"column":8},"end":{"line":19,"column":29}},"type":"binary-expr","locations":[{"start":{"line":19,"column":8},"end":{"line":19,"column":11}},{"start":{"line":19,"column":15},"end":{"line":19,"column":29}}],"line":19},"13":{"loc":{"start":{"line":21,"column":4},"end":{"line":21,"column":141}},"type":"if","locations":[{"start":{"line":21,"column":4},"end":{"line":21,"column":141}},{"start":{},"end":{}}],"line":21},"14":{"loc":{"start":{"line":21,"column":40},"end":{"line":21,"column":141}},"type":"if","locations":[{"start":{"line":21,"column":40},"end":{"line":21,"column":141}},{"start":{},"end":{}}],"line":21},"15":{"loc":{"start":{"line":21,"column":44},"end":{"line":21,"column":107}},"type":"binary-expr","locations":[{"start":{"line":21,"column":44},"end":{"line":21,"column":59}},{"start":{"line":21,"column":63},"end":{"line":21,"column":107}}],"line":21},"16":{"loc":{"start":{"line":29,"column":36},"end":{"line":29,"column":60}},"type":"default-arg","locations":[{"start":{"line":29,"column":44},"end":{"line":29,"column":60}}],"line":29},"17":{"loc":{"start":{"line":29,"column":62},"end":{"line":29,"column":78}},"type":"default-arg","locations":[{"start":{"line":29,"column":74},"end":{"line":29,"column":78}}],"line":29},"18":{"loc":{"start":{"line":29,"column":80},"end":{"line":29,"column":99}},"type":"default-arg","locations":[{"start":{"line":29,"column":94},"end":{"line":29,"column":99}}],"line":29},"19":{"loc":{"start":{"line":29,"column":101},"end":{"line":29,"column":121}},"type":"default-arg","locations":[{"start":{"line":29,"column":110},"end":{"line":29,"column":121}}],"line":29},"20":{"loc":{"start":{"line":31,"column":57},"end":{"line":31,"column":121}},"type":"cond-expr","locations":[{"start":{"line":31,"column":100},"end":{"line":31,"column":114}},{"start":{"line":31,"column":117},"end":{"line":31,"column":121}}],"line":31},"21":{"loc":{"start":{"line":34,"column":8},"end":{"line":36,"column":9}},"type":"if","locations":[{"start":{"line":34,"column":8},"end":{"line":36,"column":9}},{"start":{},"end":{}}],"line":34},"22":{"loc":{"start":{"line":34,"column":12},"end":{"line":34,"column":63}},"type":"binary-expr","locations":[{"start":{"line":34,"column":12},"end":{"line":34,"column":21}},{"start":{"line":34,"column":25},"end":{"line":34,"column":63}}],"line":34},"23":{"loc":{"start":{"line":40,"column":8},"end":{"line":50,"column":9}},"type":"if","locations":[{"start":{"line":40,"column":8},"end":{"line":50,"column":9}},{"start":{},"end":{}}],"line":40},"24":{"loc":{"start":{"line":40,"column":12},"end":{"line":44,"column":26}},"type":"binary-expr","locations":[{"start":{"line":40,"column":12},"end":{"line":40,"column":21}},{"start":{"line":41,"column":12},"end":{"line":41,"column":50}},{"start":{"line":42,"column":12},"end":{"line":42,"column":25}},{"start":{"line":43,"column":12},"end":{"line":43,"column":52}},{"start":{"line":44,"column":12},"end":{"line":44,"column":26}}],"line":40},"25":{"loc":{"start":{"line":46,"column":12},"end":{"line":49,"column":13}},"type":"if","locations":[{"start":{"line":46,"column":12},"end":{"line":49,"column":13}},{"start":{},"end":{}}],"line":46},"26":{"loc":{"start":{"line":54,"column":8},"end":{"line":59,"column":9}},"type":"if","locations":[{"start":{"line":54,"column":8},"end":{"line":59,"column":9}},{"start":{},"end":{}}],"line":54},"27":{"loc":{"start":{"line":54,"column":12},"end":{"line":54,"column":63}},"type":"binary-expr","locations":[{"start":{"line":54,"column":12},"end":{"line":54,"column":21}},{"start":{"line":54,"column":25},"end":{"line":54,"column":63}}],"line":54},"28":{"loc":{"start":{"line":55,"column":31},"end":{"line":57,"column":26}},"type":"cond-expr","locations":[{"start":{"line":56,"column":18},"end":{"line":56,"column":32}},{"start":{"line":57,"column":18},"end":{"line":57,"column":26}}],"line":55},"29":{"loc":{"start":{"line":63,"column":8},"end":{"line":65,"column":9}},"type":"if","locations":[{"start":{"line":63,"column":8},"end":{"line":65,"column":9}},{"start":{},"end":{}}],"line":63},"30":{"loc":{"start":{"line":63,"column":12},"end":{"line":63,"column":63}},"type":"binary-expr","locations":[{"start":{"line":63,"column":12},"end":{"line":63,"column":21}},{"start":{"line":63,"column":25},"end":{"line":63,"column":63}}],"line":63},"31":{"loc":{"start":{"line":69,"column":8},"end":{"line":71,"column":9}},"type":"if","locations":[{"start":{"line":69,"column":8},"end":{"line":71,"column":9}},{"start":{},"end":{}}],"line":69},"32":{"loc":{"start":{"line":69,"column":12},"end":{"line":69,"column":63}},"type":"binary-expr","locations":[{"start":{"line":69,"column":12},"end":{"line":69,"column":21}},{"start":{"line":69,"column":25},"end":{"line":69,"column":63}}],"line":69},"33":{"loc":{"start":{"line":75,"column":8},"end":{"line":79,"column":30}},"type":"binary-expr","locations":[{"start":{"line":75,"column":8},"end":{"line":75,"column":19}},{"start":{"line":75,"column":23},"end":{"line":75,"column":32}},{"start":{"line":75,"column":36},"end":{"line":75,"column":74}},{"start":{"line":75,"column":79},"end":{"line":79,"column":29}}],"line":75}},"s":{"0":1,"1":36,"2":36,"3":36,"4":36,"5":36,"6":90,"7":36,"8":0,"9":0,"10":0,"11":1,"12":1,"13":0,"14":1,"15":1,"16":0,"17":1,"18":1,"19":1,"20":36,"21":36,"22":1,"23":1,"24":1,"25":1,"26":1,"27":1,"28":1,"29":15,"30":15,"31":15,"32":8,"33":7,"34":7,"35":15,"36":15,"37":9,"38":9,"39":2,"40":15,"41":8,"42":7,"43":7,"44":15,"45":15,"46":14,"47":15,"48":6,"49":5,"50":15,"51":1,"52":1},"f":{"0":36,"1":90,"2":0,"3":1,"4":0,"5":1,"6":15,"7":8,"8":7,"9":15,"10":8,"11":15,"12":6},"b":{"0":[1,0,1],"1":[1,0],"2":[36,0],"3":[36,0],"4":[36,36],"5":[0,36],"6":[36,0],"7":[0,0],"8":[1,0,1],"9":[1,0],"10":[1,0,1],"11":[0,1],"12":[1,1],"13":[1,0],"14":[36,0],"15":[36,36],"16":[0],"17":[0],"18":[11],"19":[13],"20":[15,0],"21":[7,1],"22":[8,8],"23":[9,6],"24":[15,15,14,9,9],"25":[2,7],"26":[7,1],"27":[8,8],"28":[7,0],"29":[14,1],"30":[15,15],"31":[5,1],"32":[6,6],"33":[15,4,4,4]},"_coverageSchema":"1a1c01bbd47fc00a2c39e90264f33305004495a9","hash":"fe21b7f02cfdea73f77f5d98dece332dd7e7e312"}
,"/Users/stephencastaneda/Playground/renderDebugger/dist/hooks/usePrevious.js": {"path":"/Users/stephencastaneda/Playground/renderDebugger/dist/hooks/usePrevious.js","statementMap":{"0":{"start":{"line":2,"column":22},"end":{"line":4,"column":1}},"1":{"start":{"line":3,"column":4},"end":{"line":3,"column":62}},"2":{"start":{"line":5,"column":0},"end":{"line":5,"column":62}},"3":{"start":{"line":6,"column":0},"end":{"line":6,"column":29}},"4":{"start":{"line":7,"column":16},"end":{"line":7,"column":49}},"5":{"start":{"line":9,"column":16},"end":{"line":9,"column":49}},"6":{"start":{"line":10,"column":4},"end":{"line":12,"column":16}},"7":{"start":{"line":11,"column":8},"end":{"line":11,"column":28}},"8":{"start":{"line":13,"column":4},"end":{"line":13,"column":23}},"9":{"start":{"line":15,"column":0},"end":{"line":15,"column":34}},"10":{"start":{"line":16,"column":0},"end":{"line":16,"column":30}}},"fnMap":{"0":{"name":"(anonymous_0)","decl":{"start":{"line":2,"column":56},"end":{"line":2,"column":57}},"loc":{"start":{"line":2,"column":71},"end":{"line":4,"column":1}},"line":2},"1":{"name":"usePrevious","decl":{"start":{"line":8,"column":9},"end":{"line":8,"column":20}},"loc":{"start":{"line":8,"column":28},"end":{"line":14,"column":1}},"line":8},"2":{"name":"(anonymous_2)","decl":{"start":{"line":10,"column":30},"end":{"line":10,"column":31}},"loc":{"start":{"line":10,"column":36},"end":{"line":12,"column":5}},"line":10}},"branchMap":{"0":{"loc":{"start":{"line":2,"column":22},"end":{"line":4,"column":1}},"type":"binary-expr","locations":[{"start":{"line":2,"column":23},"end":{"line":2,"column":27}},{"start":{"line":2,"column":31},"end":{"line":2,"column":51}},{"start":{"line":2,"column":56},"end":{"line":4,"column":1}}],"line":2},"1":{"loc":{"start":{"line":3,"column":11},"end":{"line":3,"column":61}},"type":"cond-expr","locations":[{"start":{"line":3,"column":37},"end":{"line":3,"column":40}},{"start":{"line":3,"column":43},"end":{"line":3,"column":61}}],"line":3},"2":{"loc":{"start":{"line":3,"column":12},"end":{"line":3,"column":33}},"type":"binary-expr","locations":[{"start":{"line":3,"column":12},"end":{"line":3,"column":15}},{"start":{"line":3,"column":19},"end":{"line":3,"column":33}}],"line":3}},"s":{"0":1,"1":1,"2":1,"3":1,"4":1,"5":15,"6":15,"7":8,"8":15,"9":1,"10":1},"f":{"0":1,"1":15,"2":8},"b":{"0":[1,0,1],"1":[0,1],"2":[1,1]},"_coverageSchema":"1a1c01bbd47fc00a2c39e90264f33305004495a9","hash":"d4cb10c9369d0117f92c24d1830a257901efcf91"}
,"/Users/stephencastaneda/Playground/renderDebugger/dist/utils/diffUtils.js": {"path":"/Users/stephencastaneda/Playground/renderDebugger/dist/utils/diffUtils.js","statementMap":{"0":{"start":{"line":2,"column":0},"end":{"line":2,"column":62}},"1":{"start":{"line":3,"column":0},"end":{"line":3,"column":48}},"2":{"start":{"line":5,"column":17},"end":{"line":5,"column":19}},"3":{"start":{"line":6,"column":4},"end":{"line":10,"column":5}},"4":{"start":{"line":7,"column":8},"end":{"line":9,"column":9}},"5":{"start":{"line":8,"column":12},"end":{"line":8,"column":75}},"6":{"start":{"line":11,"column":4},"end":{"line":11,"column":16}},"7":{"start":{"line":13,"column":0},"end":{"line":13,"column":34}},"8":{"start":{"line":16,"column":4},"end":{"line":16,"column":16}},"9":{"start":{"line":18,"column":0},"end":{"line":18,"column":28}}},"fnMap":{"0":{"name":"shallowDiff","decl":{"start":{"line":4,"column":9},"end":{"line":4,"column":20}},"loc":{"start":{"line":4,"column":40},"end":{"line":12,"column":1}},"line":4},"1":{"name":"deepDiff","decl":{"start":{"line":14,"column":9},"end":{"line":14,"column":17}},"loc":{"start":{"line":14,"column":30},"end":{"line":17,"column":1}},"line":14}},"branchMap":{"0":{"loc":{"start":{"line":7,"column":8},"end":{"line":9,"column":9}},"type":"if","locations":[{"start":{"line":7,"column":8},"end":{"line":9,"column":9}},{"start":{},"end":{}}],"line":7}},"s":{"0":1,"1":1,"2":9,"3":9,"4":12,"5":2,"6":9,"7":1,"8":0,"9":1},"f":{"0":9,"1":0},"b":{"0":[2,10]},"_coverageSchema":"1a1c01bbd47fc00a2c39e90264f33305004495a9","hash":"044aaa8e1895a18350c333c7173f0ae438e80753"}
,"/Users/stephencastaneda/Playground/renderDebugger/src/components/RenderDebugger/RenderDebugger.tsx": {"path":"/Users/stephencastaneda/Playground/renderDebugger/src/components/RenderDebugger/RenderDebugger.tsx","statementMap":{"0":{"start":{"line":13,"column":23},"end":{"line":93,"column":1}},"1":{"start":{"line":20,"column":40},"end":{"line":20,"column":51}},"2":{"start":{"line":21,"column":24},"end":{"line":23,"column":3}},"3":{"start":{"line":26,"column":2},"end":{"line":30,"column":17}},"4":{"start":{"line":27,"column":4},"end":{"line":29,"column":5}},"5":{"start":{"line":28,"column":6},"end":{"line":28,"column":43}},"6":{"start":{"line":28,"column":32},"end":{"line":28,"column":41}},"7":{"start":{"line":33,"column":2},"end":{"line":51,"column":58}},"8":{"start":{"line":34,"column":4},"end":{"line":50,"column":5}},"9":{"start":{"line":41,"column":22},"end":{"line":44,"column":7}},"10":{"start":{"line":46,"column":6},"end":{"line":49,"column":7}},"11":{"start":{"line":48,"column":8},"end":{"line":48,"column":58}},"12":{"start":{"line":54,"column":2},"end":{"line":62,"column":43}},"13":{"start":{"line":55,"column":4},"end":{"line":61,"column":5}},"14":{"start":{"line":56,"column":25},"end":{"line":58,"column":18}},"15":{"start":{"line":60,"column":6},"end":{"line":60,"column":58}},"16":{"start":{"line":65,"column":59},"end":{"line":73,"column":3}},"17":{"start":{"line":70,"column":4},"end":{"line":72,"column":5}},"18":{"start":{"line":71,"column":6},"end":{"line":71,"column":70}},"19":{"start":{"line":76,"column":2},"end":{"line":80,"column":33}},"20":{"start":{"line":77,"column":4},"end":{"line":79,"column":5}},"21":{"start":{"line":78,"column":6},"end":{"line":78,"column":51}},"22":{"start":{"line":82,"column":2},"end":{"line":92,"column":4}},"23":{"start":{"line":95,"column":42},"end":{"line":106,"column":1}}},"fnMap":{"0":{"name":"(anonymous_0)","decl":{"start":{"line":13,"column":23},"end":{"line":13,"column":24}},"loc":{"start":{"line":19,"column":27},"end":{"line":93,"column":1}},"line":19},"1":{"name":"(anonymous_1)","decl":{"start":{"line":26,"column":12},"end":{"line":26,"column":13}},"loc":{"start":{"line":26,"column":18},"end":{"line":30,"column":3}},"line":26},"2":{"name":"(anonymous_2)","decl":{"start":{"line":28,"column":21},"end":{"line":28,"column":22}},"loc":{"start":{"line":28,"column":32},"end":{"line":28,"column":41}},"line":28},"3":{"name":"(anonymous_3)","decl":{"start":{"line":33,"column":12},"end":{"line":33,"column":13}},"loc":{"start":{"line":33,"column":18},"end":{"line":51,"column":3}},"line":33},"4":{"name":"(anonymous_4)","decl":{"start":{"line":54,"column":12},"end":{"line":54,"column":13}},"loc":{"start":{"line":54,"column":18},"end":{"line":62,"column":3}},"line":54},"5":{"name":"(anonymous_5)","decl":{"start":{"line":65,"column":59},"end":{"line":65,"column":60}},"loc":{"start":{"line":69,"column":7},"end":{"line":73,"column":3}},"line":69},"6":{"name":"(anonymous_6)","decl":{"start":{"line":76,"column":12},"end":{"line":76,"column":13}},"loc":{"start":{"line":76,"column":18},"end":{"line":80,"column":3}},"line":76}},"branchMap":{"0":{"loc":{"start":{"line":15,"column":2},"end":{"line":15,"column":26}},"type":"default-arg","locations":[{"start":{"line":15,"column":10},"end":{"line":15,"column":26}}],"line":15},"1":{"loc":{"start":{"line":16,"column":2},"end":{"line":16,"column":18}},"type":"default-arg","locations":[{"start":{"line":16,"column":14},"end":{"line":16,"column":18}}],"line":16},"2":{"loc":{"start":{"line":17,"column":2},"end":{"line":17,"column":21}},"type":"default-arg","locations":[{"start":{"line":17,"column":16},"end":{"line":17,"column":21}}],"line":17},"3":{"loc":{"start":{"line":18,"column":2},"end":{"line":18,"column":22}},"type":"default-arg","locations":[{"start":{"line":18,"column":11},"end":{"line":18,"column":22}}],"line":18},"4":{"loc":{"start":{"line":22,"column":4},"end":{"line":22,"column":58}},"type":"cond-expr","locations":[{"start":{"line":22,"column":37},"end":{"line":22,"column":51}},{"start":{"line":22,"column":54},"end":{"line":22,"column":58}}],"line":22},"5":{"loc":{"start":{"line":27,"column":4},"end":{"line":29,"column":5}},"type":"if","locations":[{"start":{"line":27,"column":4},"end":{"line":29,"column":5}},{"start":{},"end":{}}],"line":27},"6":{"loc":{"start":{"line":27,"column":8},"end":{"line":27,"column":59}},"type":"binary-expr","locations":[{"start":{"line":27,"column":8},"end":{"line":27,"column":17}},{"start":{"line":27,"column":21},"end":{"line":27,"column":59}}],"line":27},"7":{"loc":{"start":{"line":34,"column":4},"end":{"line":50,"column":5}},"type":"if","locations":[{"start":{"line":34,"column":4},"end":{"line":50,"column":5}},{"start":{},"end":{}}],"line":34},"8":{"loc":{"start":{"line":35,"column":6},"end":{"line":39,"column":20}},"type":"binary-expr","locations":[{"start":{"line":35,"column":6},"end":{"line":35,"column":15}},{"start":{"line":36,"column":6},"end":{"line":36,"column":44}},{"start":{"line":37,"column":6},"end":{"line":37,"column":19}},{"start":{"line":38,"column":6},"end":{"line":38,"column":36}},{"start":{"line":39,"column":6},"end":{"line":39,"column":20}}],"line":35},"9":{"loc":{"start":{"line":46,"column":6},"end":{"line":49,"column":7}},"type":"if","locations":[{"start":{"line":46,"column":6},"end":{"line":49,"column":7}},{"start":{},"end":{}}],"line":46},"10":{"loc":{"start":{"line":55,"column":4},"end":{"line":61,"column":5}},"type":"if","locations":[{"start":{"line":55,"column":4},"end":{"line":61,"column":5}},{"start":{},"end":{}}],"line":55},"11":{"loc":{"start":{"line":55,"column":8},"end":{"line":55,"column":59}},"type":"binary-expr","locations":[{"start":{"line":55,"column":8},"end":{"line":55,"column":17}},{"start":{"line":55,"column":21},"end":{"line":55,"column":59}}],"line":55},"12":{"loc":{"start":{"line":56,"column":25},"end":{"line":58,"column":18}},"type":"cond-expr","locations":[{"start":{"line":57,"column":10},"end":{"line":57,"column":24}},{"start":{"line":58,"column":10},"end":{"line":58,"column":18}}],"line":56},"13":{"loc":{"start":{"line":70,"column":4},"end":{"line":72,"column":5}},"type":"if","locations":[{"start":{"line":70,"column":4},"end":{"line":72,"column":5}},{"start":{},"end":{}}],"line":70},"14":{"loc":{"start":{"line":70,"column":8},"end":{"line":70,"column":59}},"type":"binary-expr","locations":[{"start":{"line":70,"column":8},"end":{"line":70,"column":17}},{"start":{"line":70,"column":21},"end":{"line":70,"column":59}}],"line":70},"15":{"loc":{"start":{"line":77,"column":4},"end":{"line":79,"column":5}},"type":"if","locations":[{"start":{"line":77,"column":4},"end":{"line":79,"column":5}},{"start":{},"end":{}}],"line":77},"16":{"loc":{"start":{"line":77,"column":8},"end":{"line":77,"column":59}},"type":"binary-expr","locations":[{"start":{"line":77,"column":8},"end":{"line":77,"column":17}},{"start":{"line":77,"column":21},"end":{"line":77,"column":59}}],"line":77},"17":{"loc":{"start":{"line":85,"column":7},"end":{"line":90,"column":7}},"type":"binary-expr","locations":[{"start":{"line":85,"column":7},"end":{"line":85,"column":18}},{"start":{"line":85,"column":22},"end":{"line":85,"column":31}},{"start":{"line":85,"column":35},"end":{"line":85,"column":73}},{"start":{"line":86,"column":8},"end":{"line":89,"column":14}}],"line":85}},"s":{"0":1,"1":15,"2":15,"3":15,"4":8,"5":7,"6":7,"7":15,"8":15,"9":9,"10":9,"11":2,"12":15,"13":8,"14":7,"15":7,"16":15,"17":15,"18":14,"19":15,"20":6,"21":5,"22":15,"23":1},"f":{"0":15,"1":8,"2":7,"3":15,"4":8,"5":15,"6":6},"b":{"0":[0],"1":[0],"2":[11],"3":[13],"4":[15,0],"5":[7,1],"6":[8,8],"7":[9,6],"8":[15,15,14,9,9],"9":[2,7],"10":[7,1],"11":[8,8],"12":[7,0],"13":[14,1],"14":[15,15],"15":[5,1],"16":[6,6],"17":[15,4,4,4]},"_coverageSchema":"1a1c01bbd47fc00a2c39e90264f33305004495a9","hash":"7ef4244fc6a84566f6d40cae6608903ff0177d0e"}
,"/Users/stephencastaneda/Playground/renderDebugger/src/hooks/usePrevious.js": {"path":"/Users/stephencastaneda/Playground/renderDebugger/src/hooks/usePrevious.js","statementMap":{"0":{"start":{"line":3,"column":27},"end":{"line":11,"column":1}},"1":{"start":{"line":4,"column":14},"end":{"line":4,"column":22}},"2":{"start":{"line":6,"column":2},"end":{"line":8,"column":5}},"3":{"start":{"line":7,"column":4},"end":{"line":7,"column":24}},"4":{"start":{"line":10,"column":2},"end":{"line":10,"column":21}}},"fnMap":{"0":{"name":"(anonymous_0)","decl":{"start":{"line":3,"column":27},"end":{"line":3,"column":28}},"loc":{"start":{"line":3,"column":38},"end":{"line":11,"column":1}},"line":3},"1":{"name":"(anonymous_1)","decl":{"start":{"line":6,"column":12},"end":{"line":6,"column":13}},"loc":{"start":{"line":6,"column":18},"end":{"line":8,"column":3}},"line":6}},"branchMap":{},"s":{"0":1,"1":15,"2":15,"3":15,"4":15},"f":{"0":15,"1":15},"b":{},"_coverageSchema":"1a1c01bbd47fc00a2c39e90264f33305004495a9","hash":"13c81a94a81a78070cc4f7f0c067489068616238"}
,"/Users/stephencastaneda/Playground/renderDebugger/src/utils/diffUtils.js": {"path":"/Users/stephencastaneda/Playground/renderDebugger/src/utils/diffUtils.js","statementMap":{"0":{"start":{"line":1,"column":27},"end":{"line":9,"column":1}},"1":{"start":{"line":2,"column":18},"end":{"line":2,"column":20}},"2":{"start":{"line":3,"column":2},"end":{"line":7,"column":3}},"3":{"start":{"line":4,"column":4},"end":{"line":6,"column":5}},"4":{"start":{"line":5,"column":6},"end":{"line":5,"column":65}},"5":{"start":{"line":8,"column":2},"end":{"line":8,"column":17}},"6":{"start":{"line":11,"column":24},"end":{"line":19,"column":1}},"7":{"start":{"line":12,"column":18},"end":{"line":12,"column":20}},"8":{"start":{"line":13,"column":2},"end":{"line":17,"column":3}},"9":{"start":{"line":14,"column":4},"end":{"line":16,"column":5}},"10":{"start":{"line":15,"column":6},"end":{"line":15,"column":65}},"11":{"start":{"line":18,"column":2},"end":{"line":18,"column":17}}},"fnMap":{"0":{"name":"(anonymous_0)","decl":{"start":{"line":1,"column":27},"end":{"line":1,"column":28}},"loc":{"start":{"line":1,"column":43},"end":{"line":9,"column":1}},"line":1},"1":{"name":"(anonymous_1)","decl":{"start":{"line":11,"column":24},"end":{"line":11,"column":25}},"loc":{"start":{"line":11,"column":40},"end":{"line":19,"column":1}},"line":11}},"branchMap":{"0":{"loc":{"start":{"line":4,"column":4},"end":{"line":6,"column":5}},"type":"if","locations":[{"start":{"line":4,"column":4},"end":{"line":6,"column":5}},{"start":{},"end":{}}],"line":4},"1":{"loc":{"start":{"line":14,"column":4},"end":{"line":16,"column":5}},"type":"if","locations":[{"start":{"line":14,"column":4},"end":{"line":16,"column":5}},{"start":{},"end":{}}],"line":14}},"s":{"0":1,"1":9,"2":9,"3":12,"4":2,"5":9,"6":1,"7":0,"8":0,"9":0,"10":0,"11":0},"f":{"0":9,"1":0},"b":{"0":[2,10],"1":[0,0]},"_coverageSchema":"1a1c01bbd47fc00a2c39e90264f33305004495a9","hash":"45819cb4671fe30a967e99c574763f27fe68137f"}
}
