TN:
SF:dist/components/RenderDebugger/RenderDebugger.js
FN:2,(anonymous_0)
FN:6,(anonymous_1)
FN:9,(anonymous_2)
FN:13,(anonymous_3)
FN:15,(anonymous_4)
FN:18,(anonymous_5)
FN:29,(anonymous_6)
FN:33,(anonymous_7)
FN:35,(anonymous_8)
FN:39,(anonymous_9)
FN:53,(anonymous_10)
FN:62,(anonymous_11)
FN:68,(anonymous_12)
FNF:13
FNH:11
FNDA:36,(anonymous_0)
FNDA:90,(anonymous_1)
FNDA:0,(anonymous_2)
FNDA:1,(anonymous_3)
FNDA:0,(anonymous_4)
FNDA:1,(anonymous_5)
FNDA:15,(anonymous_6)
FNDA:8,(anonymous_7)
FNDA:7,(anonymous_8)
FNDA:15,(anonymous_9)
FNDA:8,(anonymous_10)
FNDA:15,(anonymous_11)
FNDA:6,(anonymous_12)
DA:2,1
DA:3,36
DA:4,36
DA:5,36
DA:6,90
DA:8,36
DA:10,0
DA:11,0
DA:13,1
DA:14,1
DA:16,0
DA:18,1
DA:19,1
DA:20,1
DA:21,36
DA:22,1
DA:23,1
DA:25,1
DA:26,1
DA:27,1
DA:28,1
DA:29,1
DA:30,15
DA:31,15
DA:33,15
DA:34,8
DA:35,7
DA:39,15
DA:40,15
DA:45,9
DA:46,9
DA:48,2
DA:53,15
DA:54,8
DA:55,7
DA:58,7
DA:62,15
DA:63,15
DA:64,14
DA:68,15
DA:69,6
DA:70,5
DA:73,15
DA:81,1
DA:93,1
LF:45
LH:42
BRDA:2,0,0,1
BRDA:2,0,1,0
BRDA:2,0,2,1
BRDA:2,1,0,1
BRDA:2,1,1,0
BRDA:3,2,0,36
BRDA:3,2,1,0
BRDA:5,3,0,36
BRDA:5,3,1,0
BRDA:5,4,0,36
BRDA:5,4,1,36
BRDA:5,5,0,0
BRDA:5,5,1,36
BRDA:5,6,0,36
BRDA:5,6,1,0
BRDA:10,7,0,0
BRDA:10,7,1,0
BRDA:13,8,0,1
BRDA:13,8,1,0
BRDA:13,8,2,1
BRDA:13,9,0,1
BRDA:13,9,1,0
BRDA:18,10,0,1
BRDA:18,10,1,0
BRDA:18,10,2,1
BRDA:19,11,0,0
BRDA:19,11,1,1
BRDA:19,12,0,1
BRDA:19,12,1,1
BRDA:21,13,0,1
BRDA:21,13,1,0
BRDA:21,14,0,36
BRDA:21,14,1,0
BRDA:21,15,0,36
BRDA:21,15,1,36
BRDA:29,16,0,0
BRDA:29,17,0,0
BRDA:29,18,0,11
BRDA:29,19,0,13
BRDA:31,20,0,15
BRDA:31,20,1,0
BRDA:34,21,0,7
BRDA:34,21,1,1
BRDA:34,22,0,8
BRDA:34,22,1,8
BRDA:40,23,0,9
BRDA:40,23,1,6
BRDA:40,24,0,15
BRDA:40,24,1,15
BRDA:40,24,2,14
BRDA:40,24,3,9
BRDA:40,24,4,9
BRDA:46,25,0,2
BRDA:46,25,1,7
BRDA:54,26,0,7
BRDA:54,26,1,1
BRDA:54,27,0,8
BRDA:54,27,1,8
BRDA:55,28,0,7
BRDA:55,28,1,0
BRDA:63,29,0,14
BRDA:63,29,1,1
BRDA:63,30,0,15
BRDA:63,30,1,15
BRDA:69,31,0,5
BRDA:69,31,1,1
BRDA:69,32,0,6
BRDA:69,32,1,6
BRDA:75,33,0,15
BRDA:75,33,1,4
BRDA:75,33,2,4
BRDA:75,33,3,4
BRF:72
BRH:54
end_of_record
TN:
SF:dist/hooks/usePrevious.js
FN:2,(anonymous_0)
FN:8,usePrevious
FN:10,(anonymous_2)
FNF:3
FNH:3
FNDA:1,(anonymous_0)
FNDA:15,usePrevious
FNDA:8,(anonymous_2)
DA:2,1
DA:3,1
DA:5,1
DA:6,1
DA:7,1
DA:9,15
DA:10,15
DA:11,8
DA:13,15
DA:15,1
DA:16,1
LF:11
LH:11
BRDA:2,0,0,1
BRDA:2,0,1,0
BRDA:2,0,2,1
BRDA:3,1,0,0
BRDA:3,1,1,1
BRDA:3,2,0,1
BRDA:3,2,1,1
BRF:7
BRH:5
end_of_record
TN:
SF:dist/utils/diffUtils.js
FN:4,shallowDiff
FN:14,deepDiff
FNF:2
FNH:1
FNDA:9,shallowDiff
FNDA:0,deepDiff
DA:2,1
DA:3,1
DA:5,9
DA:6,9
DA:7,12
DA:8,2
DA:11,9
DA:13,1
DA:16,0
DA:18,1
LF:10
LH:9
BRDA:7,0,0,2
BRDA:7,0,1,10
BRF:2
BRH:2
end_of_record
TN:
SF:src/components/RenderDebugger/RenderDebugger.tsx
FN:13,(anonymous_0)
FN:26,(anonymous_1)
FN:28,(anonymous_2)
FN:33,(anonymous_3)
FN:54,(anonymous_4)
FN:65,(anonymous_5)
FN:76,(anonymous_6)
FNF:7
FNH:7
FNDA:15,(anonymous_0)
FNDA:8,(anonymous_1)
FNDA:7,(anonymous_2)
FNDA:15,(anonymous_3)
FNDA:8,(anonymous_4)
FNDA:15,(anonymous_5)
FNDA:6,(anonymous_6)
DA:13,1
DA:20,15
DA:21,15
DA:26,15
DA:27,8
DA:28,7
DA:33,15
DA:34,15
DA:41,9
DA:46,9
DA:48,2
DA:54,15
DA:55,8
DA:56,7
DA:60,7
DA:65,15
DA:70,15
DA:71,14
DA:76,15
DA:77,6
DA:78,5
DA:82,15
DA:95,1
LF:23
LH:23
BRDA:15,0,0,0
BRDA:16,1,0,0
BRDA:17,2,0,11
BRDA:18,3,0,13
BRDA:22,4,0,15
BRDA:22,4,1,0
BRDA:27,5,0,7
BRDA:27,5,1,1
BRDA:27,6,0,8
BRDA:27,6,1,8
BRDA:34,7,0,9
BRDA:34,7,1,6
BRDA:35,8,0,15
BRDA:35,8,1,15
BRDA:35,8,2,14
BRDA:35,8,3,9
BRDA:35,8,4,9
BRDA:46,9,0,2
BRDA:46,9,1,7
BRDA:55,10,0,7
BRDA:55,10,1,1
BRDA:55,11,0,8
BRDA:55,11,1,8
BRDA:56,12,0,7
BRDA:56,12,1,0
BRDA:70,13,0,14
BRDA:70,13,1,1
BRDA:70,14,0,15
BRDA:70,14,1,15
BRDA:77,15,0,5
BRDA:77,15,1,1
BRDA:77,16,0,6
BRDA:77,16,1,6
BRDA:85,17,0,15
BRDA:85,17,1,4
BRDA:85,17,2,4
BRDA:85,17,3,4
BRF:37
BRH:33
end_of_record
TN:
SF:src/hooks/usePrevious.js
FN:3,(anonymous_0)
FN:6,(anonymous_1)
FNF:2
FNH:2
FNDA:15,(anonymous_0)
FNDA:15,(anonymous_1)
DA:3,1
DA:4,15
DA:6,15
DA:7,15
DA:10,15
LF:5
LH:5
BRF:0
BRH:0
end_of_record
TN:
SF:src/utils/diffUtils.js
FN:1,(anonymous_0)
FN:11,(anonymous_1)
FNF:2
FNH:1
FNDA:9,(anonymous_0)
FNDA:0,(anonymous_1)
DA:1,1
DA:2,9
DA:3,9
DA:4,12
DA:5,2
DA:8,9
DA:11,1
DA:12,0
DA:13,0
DA:14,0
DA:15,0
DA:18,0
LF:12
LH:7
BRDA:4,0,0,2
BRDA:4,0,1,10
BRDA:14,1,0,0
BRDA:14,1,1,0
BRF:4
BRH:2
end_of_record
